  [1m[35m (18.2ms)[0m  [1m[35mCREATE TABLE "schema_migrations" ("version" varchar NOT NULL PRIMARY KEY)[0m
  [1m[35m (9.3ms)[0m  [1m[35mCREATE TABLE "ar_internal_metadata" ("key" varchar NOT NULL PRIMARY KEY, "value" varchar, "created_at" datetime(6) NOT NULL, "updated_at" datetime(6) NOT NULL)[0m
  [1m[36mActiveRecord::SchemaMigration Pluck (0.3ms)[0m  [1m[34mSELECT "schema_migrations"."version" FROM "schema_migrations" ORDER BY "schema_migrations"."version" ASC[0m
Migrating to CreateArticles (20230428184746)
  [1m[36mTRANSACTION (0.1ms)[0m  [1m[36mbegin transaction[0m
  [1m[35m (0.9ms)[0m  [1m[35mCREATE TABLE "articles" ("id" integer PRIMARY KEY AUTOINCREMENT NOT NULL, "title" varchar, "body" text, "published" boolean, "created_at" datetime(6) NOT NULL, "updated_at" datetime(6) NOT NULL)[0m
  [1m[36mActiveRecord::SchemaMigration Create (0.3ms)[0m  [1m[32mINSERT INTO "schema_migrations" ("version") VALUES (?)[0m  [["version", "20230428184746"]]
  [1m[36mTRANSACTION (9.3ms)[0m  [1m[36mcommit transaction[0m
  [1m[36mActiveRecord::InternalMetadata Load (0.4ms)[0m  [1m[34mSELECT "ar_internal_metadata".* FROM "ar_internal_metadata" WHERE "ar_internal_metadata"."key" = ? LIMIT ?[0m  [["key", "environment"], ["LIMIT", 1]]
  [1m[36mTRANSACTION (0.1ms)[0m  [1m[36mbegin transaction[0m
  [1m[36mActiveRecord::InternalMetadata Create (0.8ms)[0m  [1m[32mINSERT INTO "ar_internal_metadata" ("key", "value", "created_at", "updated_at") VALUES (?, ?, ?, ?)[0m  [["key", "environment"], ["value", "development"], ["created_at", "2023-04-28 18:48:26.742511"], ["updated_at", "2023-04-28 18:48:26.742511"]]
  [1m[36mTRANSACTION (9.3ms)[0m  [1m[36mcommit transaction[0m
  [1m[36mActiveRecord::SchemaMigration Pluck (0.1ms)[0m  [1m[34mSELECT "schema_migrations"."version" FROM "schema_migrations" ORDER BY "schema_migrations"."version" ASC[0m
Started GET "/" for 127.0.0.1 at 2023-04-28 19:49:48 +0100
  [1m[36mActiveRecord::SchemaMigration Pluck (0.2ms)[0m  [1m[34mSELECT "schema_migrations"."version" FROM "schema_migrations" ORDER BY "schema_migrations"."version" ASC[0m
Processing by Rails::WelcomeController#index as HTML
  Rendering C:/Ruby30-x64/lib/ruby/gems/3.0.0/gems/railties-7.0.4.3/lib/rails/templates/rails/welcome/index.html.erb
  Rendered C:/Ruby30-x64/lib/ruby/gems/3.0.0/gems/railties-7.0.4.3/lib/rails/templates/rails/welcome/index.html.erb (Duration: 4.1ms | Allocations: 954)
Completed 200 OK in 49ms (Views: 17.6ms | ActiveRecord: 0.0ms | Allocations: 8270)


Started GET "/articleList" for 127.0.0.1 at 2023-04-28 19:50:04 +0100
  
ActionController::RoutingError (No route matches [GET] "/articleList"):
  
Started GET "/Articles" for 127.0.0.1 at 2023-04-28 19:50:24 +0100
  
ActionController::RoutingError (No route matches [GET] "/Articles"):
  
Started GET "/articles" for 127.0.0.1 at 2023-04-28 19:51:14 +0100
Processing by ArticlesController#index as HTML
  Rendering layout layouts/application.html.erb
  Rendering articles/index.html.erb within layouts/application
  [1m[36mArticle Load (0.3ms)[0m  [1m[34mSELECT "articles".* FROM "articles"[0m
  ↳ app/views/articles/index.html.erb:6
  Rendered articles/index.html.erb within layouts/application (Duration: 2.7ms | Allocations: 1274)
  Rendered layout layouts/application.html.erb (Duration: 404.4ms | Allocations: 84525)
Completed 500 Internal Server Error in 418ms (ActiveRecord: 0.3ms | Allocations: 86640)


  
ActionView::Template::Error (Permission denied @ rb_file_s_rename - (C:/Users/thorb/Desktop/RailsCA/server/articleList/tmp/cache/assets/sprockets/v4.0.0/v3/v3Spm-agw9AadldhHDwQ6ylSMeMURrq6avSKPlqFJ5Q.cache.23640.11488.537264, C:/Users/thorb/Desktop/RailsCA/server/articleList/tmp/cache/assets/sprockets/v4.0.0/v3/v3Spm-agw9AadldhHDwQ6ylSMeMURrq6avSKPlqFJ5Q.cache)):
  
sprockets (4.2.0) lib/sprockets/path_utils.rb:362:in `rename'
sprockets (4.2.0) lib/sprockets/path_utils.rb:362:in `atomic_write'
sprockets (4.2.0) lib/sprockets/cache/file_store.rb:112:in `set'
sprockets (4.2.0) lib/sprockets/cache.rb:227:in `set'
sprockets (4.2.0) lib/sprockets/cache.rb:143:in `set'
sprockets (4.2.0) lib/sprockets/loader.rb:266:in `store_asset'
sprockets (4.2.0) lib/sprockets/loader.rb:226:in `load_from_unloaded'
sprockets (4.2.0) lib/sprockets/loader.rb:59:in `block in load'
sprockets (4.2.0) lib/sprockets/loader.rb:337:in `fetch_asset_from_dependency_cache'
sprockets (4.2.0) lib/sprockets/loader.rb:43:in `load'
sprockets (4.2.0) lib/sprockets/cached_environment.rb:44:in `block in load'
concurrent-ruby (1.2.2) lib/concurrent-ruby/concurrent/map.rb:207:in `block in fetch_or_store'
concurrent-ruby (1.2.2) lib/concurrent-ruby/concurrent/map.rb:187:in `fetch'
concurrent-ruby (1.2.2) lib/concurrent-ruby/concurrent/map.rb:206:in `fetch_or_store'
sprockets (4.2.0) lib/sprockets/cached_environment.rb:44:in `load'
sprockets (4.2.0) lib/sprockets/context.rb:117:in `load'
sprockets (4.2.0) lib/sprockets/context.rb:145:in `depend_on_asset'
sprockets (4.2.0) lib/sprockets/context.rb:185:in `link_asset'
sprockets-rails (3.4.2) lib/sprockets/rails/context.rb:27:in `compute_asset_path'
actionview (7.0.4.3) lib/action_view/helpers/asset_url_helper.rb:203:in `asset_path'
sprockets-rails (3.4.2) lib/sprockets/rails/sourcemapping_url_processor.rb:41:in `sourcemap_asset_path'
sprockets-rails (3.4.2) lib/sprockets/rails/sourcemapping_url_processor.rb:34:in `resolved_sourcemap_comment'
sprockets-rails (3.4.2) lib/sprockets/rails/sourcemapping_url_processor.rb:15:in `block in call'
sprockets-rails (3.4.2) lib/sprockets/rails/sourcemapping_url_processor.rb:11:in `gsub'
sprockets-rails (3.4.2) lib/sprockets/rails/sourcemapping_url_processor.rb:11:in `call'
sprockets (4.2.0) lib/sprockets/processor_utils.rb:84:in `call_processor'
sprockets (4.2.0) lib/sprockets/processor_utils.rb:66:in `block in call_processors'
sprockets (4.2.0) lib/sprockets/processor_utils.rb:65:in `reverse_each'
sprockets (4.2.0) lib/sprockets/processor_utils.rb:65:in `call_processors'
sprockets (4.2.0) lib/sprockets/loader.rb:182:in `load_from_unloaded'
sprockets (4.2.0) lib/sprockets/loader.rb:59:in `block in load'
sprockets (4.2.0) lib/sprockets/loader.rb:337:in `fetch_asset_from_dependency_cache'
sprockets (4.2.0) lib/sprockets/loader.rb:43:in `load'
sprockets (4.2.0) lib/sprockets/cached_environment.rb:44:in `block in load'
concurrent-ruby (1.2.2) lib/concurrent-ruby/concurrent/map.rb:207:in `block in fetch_or_store'
concurrent-ruby (1.2.2) lib/concurrent-ruby/concurrent/map.rb:187:in `fetch'
concurrent-ruby (1.2.2) lib/concurrent-ruby/concurrent/map.rb:206:in `fetch_or_store'
sprockets (4.2.0) lib/sprockets/cached_environment.rb:44:in `load'
sprockets (4.2.0) lib/sprockets/bundle.rb:27:in `call'
sprockets (4.2.0) lib/sprockets/processor_utils.rb:84:in `call_processor'
sprockets (4.2.0) lib/sprockets/processor_utils.rb:66:in `block in call_processors'
sprockets (4.2.0) lib/sprockets/processor_utils.rb:65:in `reverse_each'
sprockets (4.2.0) lib/sprockets/processor_utils.rb:65:in `call_processors'
sprockets (4.2.0) lib/sprockets/loader.rb:182:in `load_from_unloaded'
sprockets (4.2.0) lib/sprockets/loader.rb:59:in `block in load'
sprockets (4.2.0) lib/sprockets/loader.rb:337:in `fetch_asset_from_dependency_cache'
sprockets (4.2.0) lib/sprockets/loader.rb:43:in `load'
sprockets (4.2.0) lib/sprockets/cached_environment.rb:44:in `block in load'
concurrent-ruby (1.2.2) lib/concurrent-ruby/concurrent/map.rb:207:in `block in fetch_or_store'
concurrent-ruby (1.2.2) lib/concurrent-ruby/concurrent/map.rb:187:in `fetch'
concurrent-ruby (1.2.2) lib/concurrent-ruby/concurrent/map.rb:206:in `fetch_or_store'
sprockets (4.2.0) lib/sprockets/cached_environment.rb:44:in `load'
sprockets (4.2.0) lib/sprockets/base.rb:81:in `find_asset'
sprockets (4.2.0) lib/sprockets/base.rb:88:in `find_all_linked_assets'
sprockets (4.2.0) lib/sprockets/manifest.rb:125:in `each'
sprockets (4.2.0) lib/sprockets/manifest.rb:125:in `to_a'
sprockets (4.2.0) lib/sprockets/manifest.rb:125:in `block (2 levels) in find'
concurrent-ruby (1.2.2) lib/concurrent-ruby/concurrent/executor/safe_task_executor.rb:24:in `block in execute'
concurrent-ruby (1.2.2) lib/concurrent-ruby/concurrent/synchronization/mutex_lockable_object.rb:48:in `block in synchronize'
concurrent-ruby (1.2.2) lib/concurrent-ruby/concurrent/synchronization/mutex_lockable_object.rb:48:in `synchronize'
concurrent-ruby (1.2.2) lib/concurrent-ruby/concurrent/synchronization/mutex_lockable_object.rb:48:in `synchronize'
concurrent-ruby (1.2.2) lib/concurrent-ruby/concurrent/executor/safe_task_executor.rb:22:in `execute'
concurrent-ruby (1.2.2) lib/concurrent-ruby/concurrent/promise.rb:564:in `block in realize'
concurrent-ruby (1.2.2) lib/concurrent-ruby/concurrent/executor/ruby_thread_pool_executor.rb:352:in `run_task'
concurrent-ruby (1.2.2) lib/concurrent-ruby/concurrent/executor/ruby_thread_pool_executor.rb:343:in `block (3 levels) in create_worker'
concurrent-ruby (1.2.2) lib/concurrent-ruby/concurrent/executor/ruby_thread_pool_executor.rb:334:in `loop'
concurrent-ruby (1.2.2) lib/concurrent-ruby/concurrent/executor/ruby_thread_pool_executor.rb:334:in `block (2 levels) in create_worker'
concurrent-ruby (1.2.2) lib/concurrent-ruby/concurrent/executor/ruby_thread_pool_executor.rb:333:in `catch'
concurrent-ruby (1.2.2) lib/concurrent-ruby/concurrent/executor/ruby_thread_pool_executor.rb:333:in `block in create_worker'
Started GET "/article" for 127.0.0.1 at 2023-04-28 19:51:53 +0100
  
ActionController::RoutingError (No route matches [GET] "/article"):
  
Started GET "/articles" for 127.0.0.1 at 2023-04-28 19:52:06 +0100
Processing by ArticlesController#index as HTML
  Rendering layout layouts/application.html.erb
  Rendering articles/index.html.erb within layouts/application
  [1m[36mArticle Load (0.2ms)[0m  [1m[34mSELECT "articles".* FROM "articles"[0m
  ↳ app/views/articles/index.html.erb:6
  Rendered articles/index.html.erb within layouts/application (Duration: 1.3ms | Allocations: 652)
  Rendered layout layouts/application.html.erb (Duration: 60.7ms | Allocations: 37089)
Completed 200 OK in 63ms (Views: 61.1ms | ActiveRecord: 0.2ms | Allocations: 37479)


Started GET "/articles/new" for 127.0.0.1 at 2023-04-28 19:52:14 +0100
Processing by ArticlesController#new as HTML
  Rendering layout layouts/application.html.erb
  Rendering articles/new.html.erb within layouts/application
  Rendered articles/_form.html.erb (Duration: 47.3ms | Allocations: 6335)
  Rendered articles/new.html.erb within layouts/application (Duration: 49.1ms | Allocations: 6698)
  Rendered layout layouts/application.html.erb (Duration: 54.3ms | Allocations: 9108)
Completed 200 OK in 127ms (Views: 54.8ms | ActiveRecord: 0.6ms | Allocations: 31525)


Started POST "/articles" for 127.0.0.1 at 2023-04-28 19:52:41 +0100
Processing by ArticlesController#create as TURBO_STREAM
  Parameters: {"authenticity_token"=>"[FILTERED]", "article"=>{"title"=>"testing arti", "body"=>"asdg asdfa sdgasdg", "published"=>"0"}, "commit"=>"Create Article"}
  [1m[36mTRANSACTION (0.1ms)[0m  [1m[36mbegin transaction[0m
  ↳ app/controllers/articles_controller.rb:27:in `block in create'
  [1m[36mArticle Create (1.1ms)[0m  [1m[32mINSERT INTO "articles" ("title", "body", "published", "created_at", "updated_at") VALUES (?, ?, ?, ?, ?)[0m  [["title", "testing arti"], ["body", "asdg asdfa sdgasdg"], ["published", 0], ["created_at", "2023-04-28 18:52:41.880504"], ["updated_at", "2023-04-28 18:52:41.880504"]]
  ↳ app/controllers/articles_controller.rb:27:in `block in create'
  [1m[36mTRANSACTION (10.7ms)[0m  [1m[36mcommit transaction[0m
  ↳ app/controllers/articles_controller.rb:27:in `block in create'
Redirected to http://localhost:4000/articles/1
Completed 302 Found in 20ms (ActiveRecord: 11.9ms | Allocations: 3866)


Started GET "/articles/1" for 127.0.0.1 at 2023-04-28 19:52:41 +0100
Processing by ArticlesController#show as TURBO_STREAM
  Parameters: {"id"=>"1"}
  [1m[36mArticle Load (0.3ms)[0m  [1m[34mSELECT "articles".* FROM "articles" WHERE "articles"."id" = ? LIMIT ?[0m  [["id", 1], ["LIMIT", 1]]
  ↳ app/controllers/articles_controller.rb:63:in `set_article'
  Rendering layout layouts/application.html.erb
  Rendering articles/show.html.erb within layouts/application
  Rendered articles/_article.html.erb (Duration: 1.0ms | Allocations: 299)
  Rendered articles/show.html.erb within layouts/application (Duration: 7.5ms | Allocations: 1838)
  Rendered layout layouts/application.html.erb (Duration: 13.0ms | Allocations: 4231)
Completed 200 OK in 21ms (Views: 13.6ms | ActiveRecord: 0.3ms | Allocations: 7393)


Started GET "/articles/1/edit" for 127.0.0.1 at 2023-04-28 19:53:00 +0100
Processing by ArticlesController#edit as HTML
  Parameters: {"id"=>"1"}
  [1m[36mArticle Load (0.2ms)[0m  [1m[34mSELECT "articles".* FROM "articles" WHERE "articles"."id" = ? LIMIT ?[0m  [["id", 1], ["LIMIT", 1]]
  ↳ app/controllers/articles_controller.rb:63:in `set_article'
  Rendering layout layouts/application.html.erb
  Rendering articles/edit.html.erb within layouts/application
  Rendered articles/_form.html.erb (Duration: 1.5ms | Allocations: 1430)
  Rendered articles/edit.html.erb within layouts/application (Duration: 2.5ms | Allocations: 1742)
  Rendered layout layouts/application.html.erb (Duration: 8.1ms | Allocations: 4019)
Completed 200 OK in 13ms (Views: 8.7ms | ActiveRecord: 0.2ms | Allocations: 4988)


Started PATCH "/articles/1" for 127.0.0.1 at 2023-04-28 19:53:03 +0100
Processing by ArticlesController#update as TURBO_STREAM
  Parameters: {"authenticity_token"=>"[FILTERED]", "article"=>{"title"=>"testing arti", "body"=>"asdg asdfa sdgasdg", "published"=>"1"}, "commit"=>"Update Article", "id"=>"1"}
  [1m[36mArticle Load (0.2ms)[0m  [1m[34mSELECT "articles".* FROM "articles" WHERE "articles"."id" = ? LIMIT ?[0m  [["id", 1], ["LIMIT", 1]]
  ↳ app/controllers/articles_controller.rb:63:in `set_article'
  [1m[36mTRANSACTION (0.0ms)[0m  [1m[36mbegin transaction[0m
  ↳ app/controllers/articles_controller.rb:40:in `block in update'
  [1m[36mArticle Update (1.2ms)[0m  [1m[33mUPDATE "articles" SET "published" = ?, "updated_at" = ? WHERE "articles"."id" = ?[0m  [["published", 1], ["updated_at", "2023-04-28 18:53:03.286518"], ["id", 1]]
  ↳ app/controllers/articles_controller.rb:40:in `block in update'
  [1m[36mTRANSACTION (9.0ms)[0m  [1m[36mcommit transaction[0m
  ↳ app/controllers/articles_controller.rb:40:in `block in update'
Redirected to http://localhost:4000/articles/1
Completed 302 Found in 17ms (ActiveRecord: 10.4ms | Allocations: 3187)


Started GET "/articles/1" for 127.0.0.1 at 2023-04-28 19:53:03 +0100
Processing by ArticlesController#show as TURBO_STREAM
  Parameters: {"id"=>"1"}
  [1m[36mArticle Load (0.5ms)[0m  [1m[34mSELECT "articles".* FROM "articles" WHERE "articles"."id" = ? LIMIT ?[0m  [["id", 1], ["LIMIT", 1]]
  ↳ app/controllers/articles_controller.rb:63:in `set_article'
  Rendering layout layouts/application.html.erb
  Rendering articles/show.html.erb within layouts/application
  Rendered articles/_article.html.erb (Duration: 0.1ms | Allocations: 22)
  Rendered articles/show.html.erb within layouts/application (Duration: 1.1ms | Allocations: 627)
  Rendered layout layouts/application.html.erb (Duration: 6.5ms | Allocations: 2902)
Completed 200 OK in 11ms (Views: 7.2ms | ActiveRecord: 0.5ms | Allocations: 3715)


Started GET "/articles" for 127.0.0.1 at 2023-04-28 20:00:22 +0100
  [1m[36mActiveRecord::SchemaMigration Pluck (0.3ms)[0m  [1m[34mSELECT "schema_migrations"."version" FROM "schema_migrations" ORDER BY "schema_migrations"."version" ASC[0m
Processing by ArticlesController#index as HTML
  Rendering layout layouts/application.html.erb
  Rendering articles/index.html.erb within layouts/application
  [1m[36mArticle Load (0.3ms)[0m  [1m[34mSELECT "articles".* FROM "articles"[0m
  ↳ app/views/articles/index.html.erb:6
  Rendered articles/_article.html.erb (Duration: 0.8ms | Allocations: 335)
  Rendered articles/index.html.erb within layouts/application (Duration: 21.1ms | Allocations: 19238)
  Rendered layout layouts/application.html.erb (Duration: 93.6ms | Allocations: 56022)
Completed 200 OK in 137ms (Views: 114.4ms | ActiveRecord: 0.9ms | Allocations: 63005)


Started GET "/articles/1" for 127.0.0.1 at 2023-04-28 20:00:26 +0100
Processing by ArticlesController#show as HTML
  Parameters: {"id"=>"1"}
  [1m[36mArticle Load (0.3ms)[0m  [1m[34mSELECT "articles".* FROM "articles" WHERE "articles"."id" = ? LIMIT ?[0m  [["id", 1], ["LIMIT", 1]]
  ↳ app/controllers/articles_controller.rb:64:in `set_article'
  Rendering layout layouts/application.html.erb
  Rendering articles/show.html.erb within layouts/application
  Rendered articles/_article.html.erb (Duration: 0.1ms | Allocations: 28)
  Rendered articles/show.html.erb within layouts/application (Duration: 1.9ms | Allocations: 992)
  Rendered layout layouts/application.html.erb (Duration: 7.0ms | Allocations: 3385)
Completed 200 OK in 14ms (Views: 7.5ms | ActiveRecord: 0.3ms | Allocations: 6587)


Started DELETE "/articles/1" for 127.0.0.1 at 2023-04-28 20:00:32 +0100
Processing by ArticlesController#destroy as TURBO_STREAM
  Parameters: {"authenticity_token"=>"[FILTERED]", "id"=>"1"}
  [1m[36mArticle Load (0.2ms)[0m  [1m[34mSELECT "articles".* FROM "articles" WHERE "articles"."id" = ? LIMIT ?[0m  [["id", 1], ["LIMIT", 1]]
  ↳ app/controllers/articles_controller.rb:64:in `set_article'
  [1m[36mTRANSACTION (0.1ms)[0m  [1m[36mbegin transaction[0m
  ↳ app/controllers/articles_controller.rb:53:in `destroy'
  [1m[36mArticle Destroy (1.2ms)[0m  [1m[31mDELETE FROM "articles" WHERE "articles"."id" = ?[0m  [["id", 1]]
  ↳ app/controllers/articles_controller.rb:53:in `destroy'
  [1m[36mTRANSACTION (8.8ms)[0m  [1m[36mcommit transaction[0m
  ↳ app/controllers/articles_controller.rb:53:in `destroy'
Redirected to http://localhost:4000/articles
Completed 302 Found in 16ms (ActiveRecord: 10.2ms | Allocations: 2968)


Started GET "/articles" for 127.0.0.1 at 2023-04-28 20:00:32 +0100
Processing by ArticlesController#index as TURBO_STREAM
  Rendering layout layouts/application.html.erb
  Rendering articles/index.html.erb within layouts/application
  [1m[36mArticle Load (0.2ms)[0m  [1m[34mSELECT "articles".* FROM "articles"[0m
  ↳ app/views/articles/index.html.erb:6
  Rendered articles/index.html.erb within layouts/application (Duration: 1.3ms | Allocations: 817)
  Rendered layout layouts/application.html.erb (Duration: 6.4ms | Allocations: 3228)
Completed 200 OK in 10ms (Views: 6.7ms | ActiveRecord: 0.2ms | Allocations: 3680)


Started GET "/articles/new" for 127.0.0.1 at 2023-04-28 20:02:29 +0100
Processing by ArticlesController#new as HTML
  Rendering layout layouts/application.html.erb
  Rendering articles/new.html.erb within layouts/application
  Rendered articles/_form.html.erb (Duration: 131.6ms | Allocations: 11607)
  Rendered articles/new.html.erb within layouts/application (Duration: 133.8ms | Allocations: 11982)
  Rendered layout layouts/application.html.erb (Duration: 148.2ms | Allocations: 14402)
Completed 200 OK in 152ms (Views: 148.7ms | ActiveRecord: 0.0ms | Allocations: 14909)


Started POST "/articles" for 127.0.0.1 at 2023-04-28 20:02:34 +0100
Processing by ArticlesController#create as TURBO_STREAM
  Parameters: {"authenticity_token"=>"[FILTERED]", "article"=>{"title"=>"ghjg", "body"=>"ghjgjhgjh", "published"=>"0"}, "commit"=>"Create Article"}
  [1m[36mTRANSACTION (0.1ms)[0m  [1m[36mbegin transaction[0m
  ↳ app/controllers/articles_controller.rb:28:in `block in create'
  [1m[36mArticle Create (1.4ms)[0m  [1m[32mINSERT INTO "articles" ("title", "body", "published", "created_at", "updated_at") VALUES (?, ?, ?, ?, ?)[0m  [["title", "ghjg"], ["body", "ghjgjhgjh"], ["published", 0], ["created_at", "2023-04-28 19:02:34.076561"], ["updated_at", "2023-04-28 19:02:34.076561"]]
  ↳ app/controllers/articles_controller.rb:28:in `block in create'
  [1m[36mTRANSACTION (8.4ms)[0m  [1m[36mcommit transaction[0m
  ↳ app/controllers/articles_controller.rb:28:in `block in create'
Redirected to http://localhost:4000/articles/2
Completed 302 Found in 16ms (ActiveRecord: 9.9ms | Allocations: 3525)


Started GET "/articles/2" for 127.0.0.1 at 2023-04-28 20:02:34 +0100
Processing by ArticlesController#show as TURBO_STREAM
  Parameters: {"id"=>"2"}
  [1m[36mArticle Load (0.2ms)[0m  [1m[34mSELECT "articles".* FROM "articles" WHERE "articles"."id" = ? LIMIT ?[0m  [["id", 2], ["LIMIT", 1]]
  ↳ app/controllers/articles_controller.rb:64:in `set_article'
  Rendering layout layouts/application.html.erb
  Rendering articles/show.html.erb within layouts/application
  Rendered articles/_article.html.erb (Duration: 0.1ms | Allocations: 24)
  Rendered articles/show.html.erb within layouts/application (Duration: 1.0ms | Allocations: 679)
  Rendered layout layouts/application.html.erb (Duration: 6.4ms | Allocations: 2959)
Completed 200 OK in 10ms (Views: 6.9ms | ActiveRecord: 0.2ms | Allocations: 3834)


Started GET "/articles" for 127.0.0.1 at 2023-04-28 20:02:51 +0100
Processing by ArticlesController#index as HTML
  Rendering layout layouts/application.html.erb
  Rendering articles/index.html.erb within layouts/application
  [1m[36mArticle Load (0.2ms)[0m  [1m[34mSELECT "articles".* FROM "articles"[0m
  ↳ app/views/articles/index.html.erb:6
  Rendered articles/_article.html.erb (Duration: 0.1ms | Allocations: 21)
  Rendered articles/index.html.erb within layouts/application (Duration: 2.0ms | Allocations: 937)
  Rendered layout layouts/application.html.erb (Duration: 7.8ms | Allocations: 3235)
Completed 200 OK in 11ms (Views: 8.2ms | ActiveRecord: 0.2ms | Allocations: 3601)


Started GET "/articles/new" for 127.0.0.1 at 2023-04-28 20:02:53 +0100
Processing by ArticlesController#new as HTML
  Rendering layout layouts/application.html.erb
  Rendering articles/new.html.erb within layouts/application
  Rendered articles/_form.html.erb (Duration: 1.4ms | Allocations: 1249)
  Rendered articles/new.html.erb within layouts/application (Duration: 1.7ms | Allocations: 1338)
  Rendered layout layouts/application.html.erb (Duration: 7.3ms | Allocations: 3625)
Completed 200 OK in 10ms (Views: 7.8ms | ActiveRecord: 0.0ms | Allocations: 3993)


Started POST "/articles" for 127.0.0.1 at 2023-04-28 20:02:56 +0100
Processing by ArticlesController#create as TURBO_STREAM
  Parameters: {"authenticity_token"=>"[FILTERED]", "article"=>{"title"=>"ytut", "body"=>"tyututyu", "published"=>"0"}, "commit"=>"Create Article"}
  [1m[36mTRANSACTION (0.1ms)[0m  [1m[36mbegin transaction[0m
  ↳ app/controllers/articles_controller.rb:28:in `block in create'
  [1m[36mArticle Create (2.1ms)[0m  [1m[32mINSERT INTO "articles" ("title", "body", "published", "created_at", "updated_at") VALUES (?, ?, ?, ?, ?)[0m  [["title", "ytut"], ["body", "tyututyu"], ["published", 0], ["created_at", "2023-04-28 19:02:56.604466"], ["updated_at", "2023-04-28 19:02:56.604466"]]
  ↳ app/controllers/articles_controller.rb:28:in `block in create'
  [1m[36mTRANSACTION (8.0ms)[0m  [1m[36mcommit transaction[0m
  ↳ app/controllers/articles_controller.rb:28:in `block in create'
Redirected to http://localhost:4000/articles/3
Completed 302 Found in 16ms (ActiveRecord: 10.2ms | Allocations: 2367)


Started GET "/articles/3" for 127.0.0.1 at 2023-04-28 20:02:56 +0100
Processing by ArticlesController#show as TURBO_STREAM
  Parameters: {"id"=>"3"}
  [1m[36mArticle Load (0.2ms)[0m  [1m[34mSELECT "articles".* FROM "articles" WHERE "articles"."id" = ? LIMIT ?[0m  [["id", 3], ["LIMIT", 1]]
  ↳ app/controllers/articles_controller.rb:64:in `set_article'
  Rendering layout layouts/application.html.erb
  Rendering articles/show.html.erb within layouts/application
  Rendered articles/_article.html.erb (Duration: 0.1ms | Allocations: 21)
  Rendered articles/show.html.erb within layouts/application (Duration: 1.1ms | Allocations: 611)
  Rendered layout layouts/application.html.erb (Duration: 6.8ms | Allocations: 2888)
Completed 200 OK in 10ms (Views: 7.4ms | ActiveRecord: 0.2ms | Allocations: 3711)


Started GET "/articles/2" for 127.0.0.1 at 2023-04-28 20:03:06 +0100
Processing by ArticlesController#show as HTML
  Parameters: {"id"=>"2"}
  [1m[36mArticle Load (0.3ms)[0m  [1m[34mSELECT "articles".* FROM "articles" WHERE "articles"."id" = ? LIMIT ?[0m  [["id", 2], ["LIMIT", 1]]
  ↳ app/controllers/articles_controller.rb:64:in `set_article'
  Rendering layout layouts/application.html.erb
  Rendering articles/show.html.erb within layouts/application
  Rendered articles/_article.html.erb (Duration: 0.1ms | Allocations: 21)
  Rendered articles/show.html.erb within layouts/application (Duration: 0.8ms | Allocations: 585)
  Rendered layout layouts/application.html.erb (Duration: 7.7ms | Allocations: 2860)
Completed 200 OK in 11ms (Views: 8.2ms | ActiveRecord: 0.3ms | Allocations: 3687)


Started GET "/articles" for 127.0.0.1 at 2023-04-28 20:09:33 +0100
  [1m[36mActiveRecord::SchemaMigration Pluck (0.2ms)[0m  [1m[34mSELECT "schema_migrations"."version" FROM "schema_migrations" ORDER BY "schema_migrations"."version" ASC[0m
Processing by ArticlesController#index as HTML
  Rendering layout layouts/application.html.erb
  Rendering articles/index.html.erb within layouts/application
  [1m[36mArticle Load (0.2ms)[0m  [1m[34mSELECT "articles".* FROM "articles"[0m
  ↳ app/views/articles/index.html.erb:6
  Rendered articles/_article.html.erb (Duration: 0.1ms | Allocations: 21)
  Rendered articles/_article.html.erb (Duration: 0.0ms | Allocations: 20)
  Rendered articles/index.html.erb within layouts/application (Duration: 1.8ms | Allocations: 1044)
  Rendered layout layouts/application.html.erb (Duration: 7.4ms | Allocations: 3338)
Completed 200 OK in 10ms (Views: 7.7ms | ActiveRecord: 0.2ms | Allocations: 3700)


Started GET "/articles/new" for 127.0.0.1 at 2023-04-28 20:09:37 +0100
Processing by ArticlesController#new as HTML
  Rendering layout layouts/application.html.erb
  Rendering articles/new.html.erb within layouts/application
  Rendered articles/_form.html.erb (Duration: 1.4ms | Allocations: 1219)
  Rendered articles/new.html.erb within layouts/application (Duration: 1.6ms | Allocations: 1307)
  Rendered layout layouts/application.html.erb (Duration: 7.1ms | Allocations: 3590)
Completed 200 OK in 11ms (Views: 7.7ms | ActiveRecord: 0.0ms | Allocations: 3957)


Started POST "/articles" for 127.0.0.1 at 2023-04-28 20:09:44 +0100
Processing by ArticlesController#create as TURBO_STREAM
  Parameters: {"authenticity_token"=>"[FILTERED]", "article"=>{"title"=>"testing arti", "body"=>"jkljkljkljlkj", "published"=>"1"}, "commit"=>"Create Article"}
  [1m[36mTRANSACTION (0.1ms)[0m  [1m[36mbegin transaction[0m
  ↳ app/controllers/articles_controller.rb:28:in `block in create'
  [1m[36mArticle Create (2.6ms)[0m  [1m[32mINSERT INTO "articles" ("title", "body", "published", "created_at", "updated_at") VALUES (?, ?, ?, ?, ?)[0m  [["title", "testing arti"], ["body", "jkljkljkljlkj"], ["published", 1], ["created_at", "2023-04-28 19:09:44.955347"], ["updated_at", "2023-04-28 19:09:44.955347"]]
  ↳ app/controllers/articles_controller.rb:28:in `block in create'
  [1m[36mTRANSACTION (10.2ms)[0m  [1m[36mcommit transaction[0m
  ↳ app/controllers/articles_controller.rb:28:in `block in create'
Redirected to http://localhost:4000/articles/4
Completed 302 Found in 19ms (ActiveRecord: 12.9ms | Allocations: 2371)


Started GET "/articles/4" for 127.0.0.1 at 2023-04-28 20:09:45 +0100
Processing by ArticlesController#show as TURBO_STREAM
  Parameters: {"id"=>"4"}
  [1m[36mArticle Load (0.2ms)[0m  [1m[34mSELECT "articles".* FROM "articles" WHERE "articles"."id" = ? LIMIT ?[0m  [["id", 4], ["LIMIT", 1]]
  ↳ app/controllers/articles_controller.rb:64:in `set_article'
  Rendering layout layouts/application.html.erb
  Rendering articles/show.html.erb within layouts/application
  Rendered articles/_article.html.erb (Duration: 0.1ms | Allocations: 21)
  Rendered articles/show.html.erb within layouts/application (Duration: 0.8ms | Allocations: 602)
  Rendered layout layouts/application.html.erb (Duration: 6.9ms | Allocations: 2877)
Completed 200 OK in 10ms (Views: 7.5ms | ActiveRecord: 0.2ms | Allocations: 3729)


Started GET "/articles/" for 127.0.0.1 at 2023-04-28 20:09:50 +0100
Processing by ArticlesController#index as HTML
  Rendering layout layouts/application.html.erb
  Rendering articles/index.html.erb within layouts/application
  [1m[36mArticle Load (0.2ms)[0m  [1m[34mSELECT "articles".* FROM "articles"[0m
  ↳ app/views/articles/index.html.erb:6
  Rendered articles/_article.html.erb (Duration: 0.1ms | Allocations: 21)
  Rendered articles/_article.html.erb (Duration: 0.0ms | Allocations: 20)
  Rendered articles/_article.html.erb (Duration: 0.0ms | Allocations: 20)
  Rendered articles/index.html.erb within layouts/application (Duration: 2.3ms | Allocations: 1167)
  Rendered layout layouts/application.html.erb (Duration: 7.6ms | Allocations: 3461)
Completed 200 OK in 11ms (Views: 8.0ms | ActiveRecord: 0.2ms | Allocations: 3823)


Started GET "/articles" for 127.0.0.1 at 2023-04-28 20:14:54 +0100
Processing by ArticlesController#index as JSON
  Rendering articles/index.json.jbuilder
  [1m[36mArticle Load (0.2ms)[0m  [1m[34mSELECT "articles".* FROM "articles"[0m
  ↳ app/views/articles/index.json.jbuilder:1
  Rendered collection of articles/_article.json.jbuilder [3 times] (Duration: 1.6ms | Allocations: 577)
  Rendered articles/index.json.jbuilder (Duration: 4.9ms | Allocations: 1788)
Completed 200 OK in 12ms (Views: 9.3ms | ActiveRecord: 0.2ms | Allocations: 2355)


Started GET "/todos" for 127.0.0.1 at 2023-04-28 20:20:48 +0100
  [1m[36mActiveRecord::SchemaMigration Pluck (0.2ms)[0m  [1m[34mSELECT "schema_migrations"."version" FROM "schema_migrations" ORDER BY "schema_migrations"."version" ASC[0m
  
ActionController::RoutingError (No route matches [GET] "/todos"):
  
Started GET "/articles" for 127.0.0.1 at 2023-04-28 20:22:12 +0100
Processing by ArticlesController#index as HTML
  Rendering layout layouts/application.html.erb
  Rendering articles/index.html.erb within layouts/application
  [1m[36mArticle Load (0.3ms)[0m  [1m[34mSELECT "articles".* FROM "articles"[0m
  ↳ app/views/articles/index.html.erb:6
  Rendered articles/_article.html.erb (Duration: 0.9ms | Allocations: 324)
  Rendered articles/_article.html.erb (Duration: 0.0ms | Allocations: 20)
  Rendered articles/_article.html.erb (Duration: 0.0ms | Allocations: 21)
  Rendered articles/index.html.erb within layouts/application (Duration: 18.8ms | Allocations: 19041)
  Rendered layout layouts/application.html.erb (Duration: 91.7ms | Allocations: 55837)
Completed 200 OK in 109ms (Views: 96.2ms | ActiveRecord: 0.9ms | Allocations: 60684)


Started GET "/todos" for 127.0.0.1 at 2023-04-28 20:22:17 +0100
  
ActionController::RoutingError (No route matches [GET] "/todos"):
  
Started GET "/todos" for 127.0.0.1 at 2023-04-28 20:23:31 +0100
  
ActionController::RoutingError (No route matches [GET] "/todos"):
  
Started GET "/todos" for 127.0.0.1 at 2023-04-28 20:23:42 +0100
  
ActionController::RoutingError (No route matches [GET] "/todos"):
  
Started GET "/todos" for 127.0.0.1 at 2023-04-28 20:25:03 +0100
  
ActionController::RoutingError (No route matches [GET] "/todos"):
  
Started GET "/todos" for 127.0.0.1 at 2023-04-28 20:25:13 +0100
  
ActionController::RoutingError (No route matches [GET] "/todos"):
  
Started GET "/todos" for 127.0.0.1 at 2023-04-28 20:25:45 +0100
  
ActionController::RoutingError (No route matches [GET] "/todos"):
  
Started GET "/articles" for 127.0.0.1 at 2023-04-28 20:26:13 +0100
Processing by ArticlesController#index as JSON
  Rendering articles/index.json.jbuilder
  [1m[36mArticle Load (0.3ms)[0m  [1m[34mSELECT "articles".* FROM "articles"[0m
  ↳ app/views/articles/index.json.jbuilder:1
  Rendered collection of articles/_article.json.jbuilder [3 times] (Duration: 1.8ms | Allocations: 665)
  Rendered articles/index.json.jbuilder (Duration: 5.3ms | Allocations: 1953)
Completed 200 OK in 12ms (Views: 9.5ms | ActiveRecord: 0.3ms | Allocations: 2535)


Started GET "/articles" for 127.0.0.1 at 2023-04-28 20:34:55 +0100
Processing by ArticlesController#index as JSON
  Rendering articles/index.json.jbuilder
  [1m[36mArticle Load (0.1ms)[0m  [1m[34mSELECT "articles".* FROM "articles"[0m
  ↳ app/views/articles/index.json.jbuilder:1
  Rendered collection of articles/_article.json.jbuilder [3 times] (Duration: 0.8ms | Allocations: 394)
  Rendered articles/index.json.jbuilder (Duration: 4.3ms | Allocations: 1538)
Completed 200 OK in 7ms (Views: 4.9ms | ActiveRecord: 0.4ms | Allocations: 1929)


Started GET "/articles" for 127.0.0.1 at 2023-04-28 20:35:03 +0100
Processing by ArticlesController#index as JSON
  Rendering articles/index.json.jbuilder
  [1m[36mArticle Load (0.2ms)[0m  [1m[34mSELECT "articles".* FROM "articles"[0m
  ↳ app/views/articles/index.json.jbuilder:1
  Rendered collection of articles/_article.json.jbuilder [3 times] (Duration: 0.5ms | Allocations: 394)
  Rendered articles/index.json.jbuilder (Duration: 2.5ms | Allocations: 1341)
Completed 200 OK in 5ms (Views: 2.8ms | ActiveRecord: 0.2ms | Allocations: 1727)


Started GET "/articles" for 127.0.0.1 at 2023-04-28 20:35:53 +0100
Processing by ArticlesController#index as JSON
  Rendering articles/index.json.jbuilder
  [1m[36mArticle Load (0.2ms)[0m  [1m[34mSELECT "articles".* FROM "articles"[0m
  ↳ app/views/articles/index.json.jbuilder:1
  Rendered collection of articles/_article.json.jbuilder [3 times] (Duration: 0.9ms | Allocations: 394)
  Rendered articles/index.json.jbuilder (Duration: 3.3ms | Allocations: 1347)
Completed 200 OK in 6ms (Views: 3.6ms | ActiveRecord: 0.2ms | Allocations: 1738)


Started GET "/articles" for 127.0.0.1 at 2023-04-28 20:35:54 +0100
Processing by ArticlesController#index as JSON
  Rendering articles/index.json.jbuilder
  [1m[36mArticle Load (0.2ms)[0m  [1m[34mSELECT "articles".* FROM "articles"[0m
  ↳ app/views/articles/index.json.jbuilder:1
  Rendered collection of articles/_article.json.jbuilder [3 times] (Duration: 0.5ms | Allocations: 394)
  Rendered articles/index.json.jbuilder (Duration: 2.5ms | Allocations: 1347)
Completed 200 OK in 5ms (Views: 2.8ms | ActiveRecord: 0.2ms | Allocations: 1738)


Started GET "/articles" for 127.0.0.1 at 2023-04-28 20:35:55 +0100
Processing by ArticlesController#index as JSON
  Rendering articles/index.json.jbuilder
  [1m[36mArticle Load (0.2ms)[0m  [1m[34mSELECT "articles".* FROM "articles"[0m
  ↳ app/views/articles/index.json.jbuilder:1
  Rendered collection of articles/_article.json.jbuilder [3 times] (Duration: 1.0ms | Allocations: 394)
  Rendered articles/index.json.jbuilder (Duration: 2.9ms | Allocations: 1341)
Completed 200 OK in 6ms (Views: 3.3ms | ActiveRecord: 0.2ms | Allocations: 1727)


Started GET "/articles" for 127.0.0.1 at 2023-04-28 20:36:48 +0100
Processing by ArticlesController#index as JSON
  Rendering articles/index.json.jbuilder
  [1m[36mArticle Load (0.2ms)[0m  [1m[34mSELECT "articles".* FROM "articles"[0m
  ↳ app/views/articles/index.json.jbuilder:1
  Rendered collection of articles/_article.json.jbuilder [3 times] (Duration: 0.6ms | Allocations: 394)
  Rendered articles/index.json.jbuilder (Duration: 3.0ms | Allocations: 1341)
Completed 200 OK in 6ms (Views: 3.8ms | ActiveRecord: 0.2ms | Allocations: 1727)


Started GET "/articles" for 127.0.0.1 at 2023-04-28 20:36:50 +0100
Processing by ArticlesController#index as JSON
  Rendering articles/index.json.jbuilder
  [1m[36mArticle Load (0.2ms)[0m  [1m[34mSELECT "articles".* FROM "articles"[0m
  ↳ app/views/articles/index.json.jbuilder:1
  Rendered collection of articles/_article.json.jbuilder [3 times] (Duration: 0.5ms | Allocations: 394)
  Rendered articles/index.json.jbuilder (Duration: 2.2ms | Allocations: 1341)
Completed 200 OK in 5ms (Views: 2.6ms | ActiveRecord: 0.2ms | Allocations: 1727)


Started GET "/articles" for 127.0.0.1 at 2023-04-28 20:36:52 +0100
Processing by ArticlesController#index as JSON
  Rendering articles/index.json.jbuilder
  [1m[36mArticle Load (0.2ms)[0m  [1m[34mSELECT "articles".* FROM "articles"[0m
  ↳ app/views/articles/index.json.jbuilder:1
  Rendered collection of articles/_article.json.jbuilder [3 times] (Duration: 0.8ms | Allocations: 394)
  Rendered articles/index.json.jbuilder (Duration: 2.4ms | Allocations: 1341)
Completed 200 OK in 5ms (Views: 2.7ms | ActiveRecord: 0.2ms | Allocations: 1727)


Started GET "/articles" for 127.0.0.1 at 2023-04-28 20:36:53 +0100
Processing by ArticlesController#index as JSON
  Rendering articles/index.json.jbuilder
  [1m[36mArticle Load (0.2ms)[0m  [1m[34mSELECT "articles".* FROM "articles"[0m
  ↳ app/views/articles/index.json.jbuilder:1
  Rendered collection of articles/_article.json.jbuilder [3 times] (Duration: 0.5ms | Allocations: 394)
  Rendered articles/index.json.jbuilder (Duration: 2.8ms | Allocations: 1341)
Completed 200 OK in 5ms (Views: 3.4ms | ActiveRecord: 0.2ms | Allocations: 1727)


Started GET "/articles" for 127.0.0.1 at 2023-04-28 20:36:56 +0100
Processing by ArticlesController#index as JSON
  Rendering articles/index.json.jbuilder
  [1m[36mArticle Load (0.2ms)[0m  [1m[34mSELECT "articles".* FROM "articles"[0m
  ↳ app/views/articles/index.json.jbuilder:1
  Rendered collection of articles/_article.json.jbuilder [3 times] (Duration: 0.5ms | Allocations: 394)
  Rendered articles/index.json.jbuilder (Duration: 2.7ms | Allocations: 1341)
Completed 200 OK in 5ms (Views: 3.2ms | ActiveRecord: 0.2ms | Allocations: 1727)


Started GET "/articles" for 127.0.0.1 at 2023-04-28 20:37:42 +0100
Processing by ArticlesController#index as JSON
  Rendering articles/index.json.jbuilder
  [1m[36mArticle Load (0.2ms)[0m  [1m[34mSELECT "articles".* FROM "articles"[0m
  ↳ app/views/articles/index.json.jbuilder:1
  Rendered collection of articles/_article.json.jbuilder [3 times] (Duration: 0.5ms | Allocations: 394)
  Rendered articles/index.json.jbuilder (Duration: 2.3ms | Allocations: 1341)
Completed 200 OK in 4ms (Views: 2.5ms | ActiveRecord: 0.2ms | Allocations: 1727)


Started GET "/articles" for 127.0.0.1 at 2023-04-28 20:37:59 +0100
Processing by ArticlesController#index as JSON
  Rendering articles/index.json.jbuilder
  [1m[36mArticle Load (0.5ms)[0m  [1m[34mSELECT "articles".* FROM "articles"[0m
  ↳ app/views/articles/index.json.jbuilder:1
  Rendered collection of articles/_article.json.jbuilder [3 times] (Duration: 0.5ms | Allocations: 394)
  Rendered articles/index.json.jbuilder (Duration: 3.2ms | Allocations: 1341)
Completed 200 OK in 6ms (Views: 3.3ms | ActiveRecord: 0.5ms | Allocations: 1727)


Started GET "/articles" for 127.0.0.1 at 2023-04-28 20:39:01 +0100
Processing by ArticlesController#index as JSON
  Rendering articles/index.json.jbuilder
  [1m[36mArticle Load (0.2ms)[0m  [1m[34mSELECT "articles".* FROM "articles"[0m
  ↳ app/views/articles/index.json.jbuilder:1
  Rendered collection of articles/_article.json.jbuilder [3 times] (Duration: 0.9ms | Allocations: 394)
  Rendered articles/index.json.jbuilder (Duration: 2.9ms | Allocations: 1341)
Completed 200 OK in 6ms (Views: 3.3ms | ActiveRecord: 0.2ms | Allocations: 1727)


Started GET "/articles" for 127.0.0.1 at 2023-04-28 20:39:01 +0100
Processing by ArticlesController#index as JSON
  Rendering articles/index.json.jbuilder
  [1m[36mArticle Load (0.2ms)[0m  [1m[34mSELECT "articles".* FROM "articles"[0m
  ↳ app/views/articles/index.json.jbuilder:1
  Rendered collection of articles/_article.json.jbuilder [3 times] (Duration: 0.5ms | Allocations: 394)
  Rendered articles/index.json.jbuilder (Duration: 2.7ms | Allocations: 1341)
Completed 200 OK in 6ms (Views: 3.6ms | ActiveRecord: 0.2ms | Allocations: 1727)


Started GET "/articles" for 127.0.0.1 at 2023-04-28 20:39:02 +0100
Processing by ArticlesController#index as JSON
  Rendering articles/index.json.jbuilder
  [1m[36mArticle Load (0.2ms)[0m  [1m[34mSELECT "articles".* FROM "articles"[0m
  ↳ app/views/articles/index.json.jbuilder:1
  Rendered collection of articles/_article.json.jbuilder [3 times] (Duration: 0.6ms | Allocations: 394)
  Rendered articles/index.json.jbuilder (Duration: 2.5ms | Allocations: 1341)
Completed 200 OK in 6ms (Views: 2.9ms | ActiveRecord: 0.2ms | Allocations: 1727)


Started GET "/articles" for 127.0.0.1 at 2023-04-28 20:39:02 +0100
Processing by ArticlesController#index as JSON
  Rendering articles/index.json.jbuilder
  [1m[36mArticle Load (0.2ms)[0m  [1m[34mSELECT "articles".* FROM "articles"[0m
  ↳ app/views/articles/index.json.jbuilder:1
  Rendered collection of articles/_article.json.jbuilder [3 times] (Duration: 0.5ms | Allocations: 394)
  Rendered articles/index.json.jbuilder (Duration: 2.3ms | Allocations: 1341)
Completed 200 OK in 5ms (Views: 2.6ms | ActiveRecord: 0.2ms | Allocations: 1727)


Started GET "/articles" for 127.0.0.1 at 2023-04-28 20:39:03 +0100
Processing by ArticlesController#index as JSON
  Rendering articles/index.json.jbuilder
  [1m[36mArticle Load (0.2ms)[0m  [1m[34mSELECT "articles".* FROM "articles"[0m
  ↳ app/views/articles/index.json.jbuilder:1
  Rendered collection of articles/_article.json.jbuilder [3 times] (Duration: 0.5ms | Allocations: 394)
  Rendered articles/index.json.jbuilder (Duration: 2.1ms | Allocations: 1341)
Completed 200 OK in 5ms (Views: 2.4ms | ActiveRecord: 0.2ms | Allocations: 1727)


Started GET "/articles" for 127.0.0.1 at 2023-04-28 20:39:04 +0100
Processing by ArticlesController#index as JSON
  Rendering articles/index.json.jbuilder
  [1m[36mArticle Load (0.3ms)[0m  [1m[34mSELECT "articles".* FROM "articles"[0m
  ↳ app/views/articles/index.json.jbuilder:1
  Rendered collection of articles/_article.json.jbuilder [3 times] (Duration: 0.7ms | Allocations: 394)
  Rendered articles/index.json.jbuilder (Duration: 3.7ms | Allocations: 1341)
Completed 200 OK in 6ms (Views: 4.0ms | ActiveRecord: 0.3ms | Allocations: 1727)


Started GET "/articles" for 127.0.0.1 at 2023-04-28 20:39:04 +0100
Processing by ArticlesController#index as JSON
  Rendering articles/index.json.jbuilder
  [1m[36mArticle Load (0.2ms)[0m  [1m[34mSELECT "articles".* FROM "articles"[0m
  ↳ app/views/articles/index.json.jbuilder:1
  Rendered collection of articles/_article.json.jbuilder [3 times] (Duration: 0.5ms | Allocations: 394)
  Rendered articles/index.json.jbuilder (Duration: 2.4ms | Allocations: 1341)
Completed 200 OK in 5ms (Views: 2.8ms | ActiveRecord: 0.2ms | Allocations: 1727)


Started GET "/articles" for 127.0.0.1 at 2023-04-28 20:39:05 +0100
Processing by ArticlesController#index as JSON
  Rendering articles/index.json.jbuilder
  [1m[36mArticle Load (0.2ms)[0m  [1m[34mSELECT "articles".* FROM "articles"[0m
  ↳ app/views/articles/index.json.jbuilder:1
  Rendered collection of articles/_article.json.jbuilder [3 times] (Duration: 0.8ms | Allocations: 394)
  Rendered articles/index.json.jbuilder (Duration: 2.5ms | Allocations: 1341)
Completed 200 OK in 6ms (Views: 2.9ms | ActiveRecord: 0.2ms | Allocations: 1727)


Started GET "/articles" for 127.0.0.1 at 2023-04-28 20:39:07 +0100
Processing by ArticlesController#index as JSON
  Rendering articles/index.json.jbuilder
  [1m[36mArticle Load (0.2ms)[0m  [1m[34mSELECT "articles".* FROM "articles"[0m
  ↳ app/views/articles/index.json.jbuilder:1
  Rendered collection of articles/_article.json.jbuilder [3 times] (Duration: 0.5ms | Allocations: 394)
  Rendered articles/index.json.jbuilder (Duration: 2.5ms | Allocations: 1341)
Completed 200 OK in 6ms (Views: 3.0ms | ActiveRecord: 0.2ms | Allocations: 1727)


Started GET "/articles" for 127.0.0.1 at 2023-04-28 20:39:25 +0100
Processing by ArticlesController#index as JSON
  Rendering articles/index.json.jbuilder
  [1m[36mArticle Load (0.2ms)[0m  [1m[34mSELECT "articles".* FROM "articles"[0m
  ↳ app/views/articles/index.json.jbuilder:1
  Rendered collection of articles/_article.json.jbuilder [3 times] (Duration: 0.5ms | Allocations: 394)
  Rendered articles/index.json.jbuilder (Duration: 2.0ms | Allocations: 1341)
Completed 200 OK in 4ms (Views: 2.3ms | ActiveRecord: 0.2ms | Allocations: 1727)


Started GET "/articles" for 127.0.0.1 at 2023-04-28 20:41:30 +0100
Processing by ArticlesController#index as JSON
  Rendering articles/index.json.jbuilder
  [1m[36mArticle Load (0.2ms)[0m  [1m[34mSELECT "articles".* FROM "articles"[0m
  ↳ app/views/articles/index.json.jbuilder:1
  Rendered collection of articles/_article.json.jbuilder [3 times] (Duration: 0.6ms | Allocations: 394)
  Rendered articles/index.json.jbuilder (Duration: 2.8ms | Allocations: 1341)
Completed 200 OK in 5ms (Views: 3.0ms | ActiveRecord: 0.2ms | Allocations: 1727)


Started GET "/articles" for 127.0.0.1 at 2023-04-28 20:43:11 +0100
Processing by ArticlesController#index as JSON
  Rendering articles/index.json.jbuilder
  [1m[36mArticle Load (0.2ms)[0m  [1m[34mSELECT "articles".* FROM "articles"[0m
  ↳ app/views/articles/index.json.jbuilder:1
  Rendered collection of articles/_article.json.jbuilder [3 times] (Duration: 0.6ms | Allocations: 394)
  Rendered articles/index.json.jbuilder (Duration: 2.6ms | Allocations: 1341)
Completed 200 OK in 5ms (Views: 2.8ms | ActiveRecord: 0.2ms | Allocations: 1727)


